<?xml version="1.0" encoding="UTF-8"?>
<coverage generated="1582122794300" clover="4.4.1">
   <project timestamp="1582122789192">
      <metrics coveredelements="4945" complexity="2620" loc="19194" methods="930" classes="38" statements="5610" packages="8" coveredconditionals="1232" coveredmethods="573" elements="9086" ncloc="10326" files="15" conditionals="2546" coveredstatements="3140"/>
      <package name="net.sf.freecol.common.debug">
         <metrics coveredelements="57" complexity="10" loc="88" methods="5" classes="1" statements="47" coveredconditionals="7" coveredmethods="5" elements="60" ncloc="72" files="1" conditionals="8" coveredstatements="45"/>
         <file path="/Users/adam/Documents/freecol/src/net/sf/freecol/common/debug/CodeCoverage.java" name="CodeCoverage.java">
            <metrics coveredelements="57" coveredconditionals="7" complexity="10" loc="88" coveredmethods="5" methods="5" elements="60" classes="1" ncloc="72" statements="47" conditionals="8" coveredstatements="45"/>
            <class name="CodeCoverage">
               <metrics coveredelements="57" coveredconditionals="7" complexity="10" coveredmethods="5" methods="5" elements="60" statements="47" conditionals="8" coveredstatements="45"/>
            </class>
            <line complexity="1" visibility="package" signature="&lt;init&gt;, line 11()" num="11" count="1" type="method"/>
            <line num="12" count="1" type="stmt"/>
            <line num="13" count="1" type="stmt"/>
            <line num="14" count="1" type="stmt"/>
            <line num="15" count="1" type="stmt"/>
            <line num="16" count="1" type="stmt"/>
            <line num="17" count="1" type="stmt"/>
            <line num="18" count="1" type="stmt"/>
            <line num="19" count="1" type="stmt"/>
            <line num="20" count="1" type="stmt"/>
            <line num="21" count="1" type="stmt"/>
            <line num="22" count="1" type="stmt"/>
            <line num="23" count="1" type="stmt"/>
            <line complexity="1" visibility="public" signature="run(String) : void" num="26" count="2957173" type="method"/>
            <line num="27" count="2957173" type="stmt"/>
            <line num="28" count="2957173" type="stmt"/>
            <line num="29" count="2957173" type="stmt"/>
            <line num="30" count="2957173" type="stmt"/>
            <line num="31" count="2957173" type="stmt"/>
            <line complexity="2" visibility="public" signature="print() : void" num="34" count="1" type="method"/>
            <line num="35" count="1" type="stmt"/>
            <line num="36" count="1" type="stmt"/>
            <line num="37" count="1" type="stmt"/>
            <line num="38" count="12" type="stmt"/>
            <line num="39" count="12" type="stmt"/>
            <line num="40" count="12" type="stmt"/>
            <line num="41" count="12" type="stmt"/>
            <line falsecount="0" truecount="12" num="41" type="cond"/>
            <line num="42" count="12" type="stmt"/>
            <line num="43" count="12" type="stmt"/>
            <line num="44" count="12" type="stmt"/>
            <line num="46" count="0" type="stmt"/>
            <line num="48" count="12" type="stmt"/>
            <line num="50" count="12" type="stmt"/>
            <line num="51" count="274" type="stmt"/>
            <line num="53" count="12" type="stmt"/>
            <line num="54" count="12" type="stmt"/>
            <line complexity="1" visibility="public" signature="getLineNumber() : int" num="60" count="2957173" type="method"/>
            <line num="61" count="2957173" type="stmt"/>
            <line complexity="5" visibility="private" signature="___8drrd3148796d_Xaf() : int" num="70" count="2957173" type="method"/>
            <line num="71" count="2957173" type="stmt"/>
            <line num="72" count="2957173" type="stmt"/>
            <line num="73" count="2957173" type="stmt"/>
            <line num="74" count="2957173" type="stmt"/>
            <line num="75" count="14785865" type="stmt"/>
            <line num="76" count="14785865" type="stmt"/>
            <line num="77" count="14785865" type="stmt"/>
            <line falsecount="11828692" truecount="2957173" num="77" type="cond"/>
            <line num="78" count="2957173" type="stmt"/>
            <line num="79" count="11828692" type="stmt"/>
            <line falsecount="5914346" truecount="5914346" num="79" type="cond"/>
            <line num="80" count="5914346" type="stmt"/>
            <line num="82" count="11828692" type="stmt"/>
            <line falsecount="8871519" truecount="2957173" num="82" type="cond"/>
            <line num="83" count="2957173" type="stmt"/>
            <line num="86" count="0" type="stmt"/>
         </file>
      </package>
      <package name="net.sf.freecol.common.option">
         <metrics coveredelements="161" complexity="63" loc="559" methods="29" classes="3" statements="129" coveredconditionals="43" coveredmethods="19" elements="218" ncloc="266" files="2" conditionals="60" coveredstatements="99"/>
         <file path="/Users/adam/Documents/freecol/src/net/sf/freecol/common/option/AbstractOption.java" name="AbstractOption.java">
            <metrics coveredelements="117" coveredconditionals="36" complexity="33" loc="302" coveredmethods="9" methods="11" elements="136" classes="1" ncloc="138" statements="83" conditionals="42" coveredstatements="72"/>
            <class name="AbstractOption">
               <metrics coveredelements="117" coveredconditionals="36" complexity="33" coveredmethods="9" methods="11" elements="136" statements="83" conditionals="42" coveredstatements="72"/>
            </class>
            <line complexity="1" visibility="protected" signature="AbstractOption(String,Specification)" num="61" count="90583" type="method"/>
            <line num="62" count="90583" type="stmt"/>
            <line num="64" count="90583" type="stmt"/>
            <line complexity="1" visibility="protected" signature="AbstractOption(String)" num="72" count="8" type="method"/>
            <line num="73" count="8" type="stmt"/>
            <line complexity="1" visibility="public" signature="AbstractOption(Specification)" num="81" count="34402" type="method"/>
            <line num="82" count="34402" type="stmt"/>
            <line complexity="1" visibility="protected" signature="setValues(AbstractOption&lt;T&gt;) : void" num="90" count="5" type="method"/>
            <line num="91" count="5" type="stmt"/>
            <line num="92" count="5" type="stmt"/>
            <line num="93" count="5" type="stmt"/>
            <line num="94" count="5" type="stmt"/>
            <line num="95" count="5" type="stmt"/>
            <line complexity="1" visibility="protected" signature="setValue(String,String) : void" num="110" count="0" type="method"/>
            <line num="112" count="0" type="stmt"/>
            <line complexity="1" visibility="public" signature="generateChoices() : void" num="120" count="122721" type="method"/>
            <line complexity="1" visibility="public" signature="isNullValueOK() : boolean" num="131" count="0" type="method"/>
            <line num="132" count="0" type="stmt"/>
            <line complexity="1" visibility="public" signature="getGroup() : String" num="148" count="5" type="method"/>
            <line num="149" count="5" type="stmt"/>
            <line complexity="2" visibility="public" signature="setGroup(String) : void" num="155" count="28287" type="method"/>
            <line num="156" count="28287" type="stmt"/>
            <line falsecount="28287" truecount="0" num="156" type="cond"/>
            <line complexity="4" visibility="protected" signature="readAttributes(FreeColXMLReader) : void" num="181" count="53895" type="method"/>
            <line num="183" count="53895" type="stmt"/>
            <line num="185" count="53895" type="stmt"/>
            <line num="187" count="53895" type="stmt"/>
            <line num="188" count="53895" type="stmt"/>
            <line falsecount="41670" truecount="12225" num="188" type="cond"/>
            <line num="189" count="12225" type="stmt"/>
            <line falsecount="12225" truecount="0" num="189" type="cond"/>
            <line num="190" count="0" type="stmt"/>
            <line num="194" count="41670" type="stmt"/>
            <line complexity="19" visibility="protected" signature="readOption(FreeColXMLReader) : AbstractOption" num="210" count="34402" type="method"/>
            <line num="212" count="34402" type="stmt"/>
            <line num="213" count="34402" type="stmt"/>
            <line num="214" count="34402" type="stmt"/>
            <line num="216" count="34402" type="stmt"/>
            <line falsecount="34402" truecount="0" num="216" type="cond"/>
            <line num="217" count="0" type="stmt"/>
            <line num="220" count="0" type="stmt"/>
            <line num="222" count="34402" type="stmt"/>
            <line falsecount="28282" truecount="6120" num="222" type="cond"/>
            <line num="223" count="6120" type="stmt"/>
            <line num="224" count="6120" type="stmt"/>
            <line num="226" count="28282" type="stmt"/>
            <line falsecount="28278" truecount="4" num="226" type="cond"/>
            <line num="227" count="4" type="stmt"/>
            <line num="228" count="4" type="stmt"/>
            <line num="230" count="28278" type="stmt"/>
            <line falsecount="25222" truecount="3056" num="230" type="cond"/>
            <line num="231" count="3056" type="stmt"/>
            <line num="232" count="3056" type="stmt"/>
            <line num="234" count="25222" type="stmt"/>
            <line falsecount="25154" truecount="68" num="234" type="cond"/>
            <line num="235" count="68" type="stmt"/>
            <line num="236" count="68" type="stmt"/>
            <line num="238" count="25154" type="stmt"/>
            <line falsecount="8709" truecount="16445" num="238" type="cond"/>
            <line num="239" count="16445" type="stmt"/>
            <line num="240" count="16445" type="stmt"/>
            <line num="242" count="8709" type="stmt"/>
            <line falsecount="8705" truecount="4" num="242" type="cond"/>
            <line num="243" count="4" type="stmt"/>
            <line num="244" count="4" type="stmt"/>
            <line num="246" count="8705" type="stmt"/>
            <line falsecount="8701" truecount="4" num="246" type="cond"/>
            <line num="247" count="4" type="stmt"/>
            <line num="248" count="4" type="stmt"/>
            <line num="250" count="8701" type="stmt"/>
            <line falsecount="8697" truecount="4" num="250" type="cond"/>
            <line num="251" count="4" type="stmt"/>
            <line num="252" count="4" type="stmt"/>
            <line num="254" count="8697" type="stmt"/>
            <line falsecount="5316" truecount="3381" num="254" type="cond"/>
            <line num="255" count="3381" type="stmt"/>
            <line num="256" count="3381" type="stmt"/>
            <line num="258" count="5316" type="stmt"/>
            <line falsecount="4020" truecount="1296" num="258" type="cond"/>
            <line num="259" count="1296" type="stmt"/>
            <line num="260" count="1296" type="stmt"/>
            <line num="262" count="4020" type="stmt"/>
            <line falsecount="3120" truecount="900" num="262" type="cond"/>
            <line num="263" count="900" type="stmt"/>
            <line num="264" count="900" type="stmt"/>
            <line num="266" count="3120" type="stmt"/>
            <line falsecount="2944" truecount="176" num="266" type="cond"/>
            <line num="267" count="176" type="stmt"/>
            <line num="268" count="176" type="stmt"/>
            <line num="270" count="2944" type="stmt"/>
            <line falsecount="2124" truecount="820" num="270" type="cond"/>
            <line num="271" count="820" type="stmt"/>
            <line num="272" count="820" type="stmt"/>
            <line num="274" count="2124" type="stmt"/>
            <line falsecount="84" truecount="2040" num="274" type="cond"/>
            <line num="275" count="2040" type="stmt"/>
            <line num="276" count="2040" type="stmt"/>
            <line num="278" count="84" type="stmt"/>
            <line falsecount="84" truecount="0" num="278" type="cond"/>
            <line num="279" count="0" type="stmt"/>
            <line num="280" count="0" type="stmt"/>
            <line num="282" count="84" type="stmt"/>
            <line falsecount="0" truecount="84" num="282" type="cond"/>
            <line num="283" count="84" type="stmt"/>
            <line num="284" count="84" type="stmt"/>
            <line num="287" count="0" type="stmt"/>
            <line num="288" count="0" type="stmt"/>
            <line num="289" count="0" type="stmt"/>
            <line num="292" count="34402" type="stmt"/>
            <line falsecount="0" truecount="34402" num="292" type="cond"/>
            <line num="293" count="34402" type="stmt"/>
            <line num="294" count="34402" type="stmt"/>
            <line num="295" count="34402" type="stmt"/>
            <line num="297" count="0" type="stmt"/>
            <line num="300" count="34402" type="stmt"/>
         </file>
         <file path="/Users/adam/Documents/freecol/src/net/sf/freecol/common/option/AudioMixerOption.java" name="AudioMixerOption.java">
            <metrics coveredelements="44" coveredconditionals="7" complexity="30" loc="257" coveredmethods="10" methods="18" elements="82" classes="2" ncloc="128" statements="46" conditionals="18" coveredstatements="27"/>
            <class name="AudioMixerOption">
               <metrics coveredelements="31" coveredconditionals="5" complexity="20" coveredmethods="6" methods="11" elements="55" statements="32" conditionals="12" coveredstatements="20"/>
            </class>
            <class name="AudioMixerOption.MixerWrapper">
               <metrics coveredelements="13" coveredconditionals="2" complexity="10" coveredmethods="4" methods="7" elements="27" statements="14" conditionals="6" coveredstatements="7"/>
            </class>
            <line complexity="1" visibility="public" signature="MixerWrapper(String,Mixer.Info)" num="62" count="18" type="method"/>
            <line num="63" count="18" type="stmt"/>
            <line num="64" count="18" type="stmt"/>
            <line complexity="1" visibility="public" signature="getKey() : String" num="67" count="72" type="method"/>
            <line num="68" count="72" type="stmt"/>
            <line complexity="1" visibility="public" signature="getMixerInfo() : Mixer.Info" num="71" count="0" type="method"/>
            <line num="72" count="0" type="stmt"/>
            <line complexity="1" visibility="public" signature="compareTo(MixerWrapper) : int" num="77" count="27" type="method"/>
            <line num="79" count="27" type="stmt"/>
            <line complexity="3" visibility="public" signature="equals(Object) : boolean" num="88" count="3" type="method"/>
            <line num="90" count="3" type="stmt"/>
            <line num="90" count="0" type="stmt"/>
            <line falsecount="3" truecount="0" num="90" type="cond"/>
            <line num="91" count="3" type="stmt"/>
            <line falsecount="3" truecount="0" num="91" type="cond"/>
            <line num="92" count="0" type="stmt"/>
            <line num="94" count="3" type="stmt"/>
            <line complexity="1" visibility="public" signature="hashCode() : int" num="100" count="0" type="method"/>
            <line num="102" count="0" type="stmt"/>
            <line complexity="2" visibility="public" signature="toString() : String" num="108" count="0" type="method"/>
            <line num="110" count="0" type="stmt"/>
            <line num="111" count="0" type="stmt"/>
            <line falsecount="0" truecount="0" num="112" type="cond"/>
            <line num="113" count="0" type="stmt"/>
            <line complexity="2" visibility="package" signature="&lt;clinit&gt;, line 123()" num="123" count="3" type="method"/>
            <line num="124" count="3" type="stmt"/>
            <line num="125" count="3" type="stmt"/>
            <line num="126" count="3" type="stmt"/>
            <line num="128" count="0" type="stmt"/>
            <line num="130" count="3" type="stmt"/>
            <line complexity="1" visibility="package" signature="&lt;clinit&gt;, line 140()" num="140" count="3" type="method"/>
            <line num="141" count="3" type="stmt"/>
            <line num="144" count="3" type="stmt"/>
            <line complexity="1" visibility="public" signature="AudioMixerOption(Specification)" num="157" count="3" type="method"/>
            <line num="158" count="3" type="stmt"/>
            <line complexity="1" visibility="private" signature="getMixerWrapperByName(String) : MixerWrapper" num="168" count="3" type="method"/>
            <line num="169" count="3" type="stmt"/>
            <line complexity="1" visibility="public" signature="getChoices() : List&lt;MixerWrapper&gt;" num="177" count="0" type="method"/>
            <line num="178" count="0" type="stmt"/>
            <line complexity="1" visibility="public" signature="cloneOption() : AudioMixerOption" num="187" count="0" type="method"/>
            <line num="189" count="0" type="stmt"/>
            <line num="190" count="0" type="stmt"/>
            <line num="191" count="0" type="stmt"/>
            <line complexity="1" visibility="public" signature="getValue() : MixerWrapper" num="197" count="0" type="method"/>
            <line num="199" count="0" type="stmt"/>
            <line complexity="3" visibility="public" signature="setValue(MixerWrapper) : void" num="205" count="3" type="method"/>
            <line num="207" count="3" type="stmt"/>
            <line num="208" count="3" type="stmt"/>
            <line num="208" count="0" type="stmt"/>
            <line falsecount="3" truecount="0" num="208" type="cond"/>
            <line num="209" count="3" type="stmt"/>
            <line num="210" count="3" type="stmt"/>
            <line falsecount="0" truecount="3" num="210" type="cond"/>
            <line num="211" count="3" type="stmt"/>
            <line complexity="6" visibility="protected" signature="setValue(String,String) : void" num="222" count="3" type="method"/>
            <line num="225" count="3" type="stmt"/>
            <line num="226" count="3" type="stmt"/>
            <line falsecount="3" truecount="0" num="226" type="cond"/>
            <line num="227" count="0" type="stmt"/>
            <line num="229" count="3" type="stmt"/>
            <line falsecount="0" truecount="3" num="229" type="cond"/>
            <line num="230" count="3" type="stmt"/>
            <line num="232" count="3" type="stmt"/>
            <line num="232" count="3" type="stmt"/>
            <line falsecount="0" truecount="3" num="232" type="cond"/>
            <line num="233" count="3" type="stmt"/>
            <line complexity="2" visibility="protected" signature="writeAttributes(FreeColXMLWriter) : void" num="243" count="0" type="method"/>
            <line num="245" count="0" type="stmt"/>
            <line num="247" count="0" type="stmt"/>
            <line falsecount="0" truecount="0" num="247" type="cond"/>
            <line num="248" count="0" type="stmt"/>
            <line complexity="1" visibility="public" signature="getXMLTagName() : String" num="255" count="0" type="method"/>
            <line num="256" count="0" type="stmt"/>
         </file>
      </package>
      <package name="net.sf.freecol.client.gui.panel">
         <metrics coveredelements="0" complexity="138" loc="1055" methods="37" classes="6" statements="343" coveredconditionals="0" coveredmethods="0" elements="528" ncloc="688" files="1" conditionals="148" coveredstatements="0"/>
         <file path="/Users/adam/Documents/freecol/src/net/sf/freecol/client/gui/panel/BuildQueuePanel.java" name="BuildQueuePanel.java">
            <metrics coveredelements="0" coveredconditionals="0" complexity="138" loc="1055" coveredmethods="0" methods="37" elements="528" classes="6" ncloc="688" statements="343" conditionals="148" coveredstatements="0"/>
            <class name="BuildQueuePanel">
               <metrics coveredelements="0" coveredconditionals="0" complexity="77" coveredmethods="0" methods="20" elements="320" statements="214" conditionals="86" coveredstatements="0"/>
            </class>
            <class name="BuildQueuePanel.IndexedBuildable">
               <metrics coveredelements="0" coveredconditionals="0" complexity="3" coveredmethods="0" methods="3" elements="7" statements="4" conditionals="0" coveredstatements="0"/>
            </class>
            <class name="BuildQueuePanel.BuildQueueTransferHandler">
               <metrics coveredelements="0" coveredconditionals="0" complexity="31" coveredmethods="0" methods="5" elements="112" statements="71" conditionals="36" coveredstatements="0"/>
            </class>
            <class name="BuildQueuePanel.BuildQueueTransferHandler.BuildablesTransferable">
               <metrics coveredelements="0" coveredconditionals="0" complexity="6" coveredmethods="0" methods="5" elements="14" statements="7" conditionals="2" coveredstatements="0"/>
            </class>
            <class name="BuildQueuePanel.BuildQueueMouseAdapter">
               <metrics coveredelements="0" coveredconditionals="0" complexity="14" coveredmethods="0" methods="2" elements="41" statements="23" conditionals="16" coveredstatements="0"/>
            </class>
            <class name="BuildQueuePanel.DefaultBuildQueueCellRenderer">
               <metrics coveredelements="0" coveredconditionals="0" complexity="7" coveredmethods="0" methods="2" elements="34" statements="24" conditionals="8" coveredstatements="0"/>
            </class>
            <line complexity="1" visibility="package" signature="IndexedBuildable(BuildableType,int)" num="132" count="0" type="method"/>
            <line num="133" count="0" type="stmt"/>
            <line num="134" count="0" type="stmt"/>
            <line complexity="1" visibility="package" signature="getBuildable() : BuildableType" num="137" count="0" type="method"/>
            <line num="138" count="0" type="stmt"/>
            <line complexity="1" visibility="package" signature="getIndex() : int" num="141" count="0" type="method"/>
            <line num="142" count="0" type="stmt"/>
            <line complexity="1" visibility="public" signature="BuildablesTransferable(List&lt;IndexedBuildable&gt;)" num="170" count="0" type="method"/>
            <line num="171" count="0" type="stmt"/>
            <line complexity="1" visibility="public" signature="getBuildables() : List&lt;IndexedBuildable&gt;" num="180" count="0" type="method"/>
            <line num="181" count="0" type="stmt"/>
            <line complexity="2" visibility="public" signature="getTransferData(DataFlavor) : Object" num="190" count="0" type="method"/>
            <line num="193" count="0" type="stmt"/>
            <line num="193" count="0" type="stmt"/>
            <line falsecount="0" truecount="0" num="193" type="cond"/>
            <line num="194" count="0" type="stmt"/>
            <line complexity="1" visibility="public" signature="getTransferDataFlavors() : DataFlavor[]" num="200" count="0" type="method"/>
            <line num="204" count="0" type="stmt"/>
            <line complexity="1" visibility="public" signature="isDataFlavorSupported(DataFlavor) : boolean" num="210" count="0" type="method"/>
            <line num="212" count="0" type="stmt"/>
            <line complexity="25" visibility="public" signature="importData(JComponent,Transferable) : boolean" num="224" count="0" type="method"/>
            <line num="226" count="0" type="stmt"/>
            <line num="226" count="0" type="stmt"/>
            <line falsecount="0" truecount="0" num="226" type="cond"/>
            <line num="229" count="0" type="stmt"/>
            <line num="230" count="0" type="stmt"/>
            <line falsecount="0" truecount="0" num="230" type="cond"/>
            <line num="231" count="0" type="stmt"/>
            <line num="232" count="0" type="stmt"/>
            <line num="236" count="0" type="stmt"/>
            <line num="237" count="0" type="stmt"/>
            <line num="238" count="0" type="stmt"/>
            <line num="240" count="0" type="stmt"/>
            <line num="241" count="0" type="stmt"/>
            <line num="243" count="0" type="stmt"/>
            <line num="243" count="0" type="stmt"/>
            <line falsecount="0" truecount="0" num="243" type="cond"/>
            <line num="244" count="0" type="stmt"/>
            <line num="247" count="0" type="stmt"/>
            <line num="249" count="0" type="stmt"/>
            <line num="250" count="0" type="stmt"/>
            <line num="255" count="0" type="stmt"/>
            <line falsecount="0" truecount="0" num="255" type="cond"/>
            <line num="260" count="0" type="stmt"/>
            <line num="261" count="0" type="stmt"/>
            <line num="265" count="0" type="stmt"/>
            <line num="266" count="0" type="stmt"/>
            <line falsecount="0" truecount="0" num="266" type="cond"/>
            <line num="267" count="0" type="stmt"/>
            <line falsecount="0" truecount="0" num="267" type="cond"/>
            <line num="270" count="0" type="stmt"/>
            <line num="272" count="0" type="stmt"/>
            <line num="273" count="0" type="stmt"/>
            <line num="275" count="0" type="stmt"/>
            <line num="278" count="0" type="stmt"/>
            <line num="282" count="0" type="stmt"/>
            <line num="282" count="0" type="stmt"/>
            <line falsecount="0" truecount="0" num="282" type="cond"/>
            <line num="287" count="0" type="stmt"/>
            <line num="291" count="0" type="stmt"/>
            <line num="292" count="0" type="stmt"/>
            <line num="293" count="0" type="stmt"/>
            <line num="294" count="0" type="stmt"/>
            <line falsecount="0" truecount="0" num="294" type="cond"/>
            <line num="296" count="0" type="stmt"/>
            <line falsecount="0" truecount="0" num="296" type="cond"/>
            <line num="298" count="0" type="stmt"/>
            <line num="302" count="0" type="stmt"/>
            <line num="303" count="0" type="stmt"/>
            <line falsecount="0" truecount="0" num="303" type="cond"/>
            <line num="305" count="0" type="stmt"/>
            <line num="309" count="0" type="stmt"/>
            <line num="310" count="0" type="stmt"/>
            <line num="316" count="0" type="stmt"/>
            <line falsecount="0" truecount="0" num="316" type="cond"/>
            <line num="317" count="0" type="stmt"/>
            <line num="320" count="0" type="stmt"/>
            <line falsecount="0" truecount="0" num="320" type="cond"/>
            <line num="321" count="0" type="stmt"/>
            <line num="322" count="0" type="stmt"/>
            <line num="326" count="0" type="stmt"/>
            <line falsecount="0" truecount="0" num="326" type="cond"/>
            <line num="327" count="0" type="stmt"/>
            <line num="331" count="0" type="stmt"/>
            <line falsecount="0" truecount="0" num="331" type="cond"/>
            <line num="332" count="0" type="stmt"/>
            <line falsecount="0" truecount="0" num="332" type="cond"/>
            <line num="333" count="0" type="stmt"/>
            <line num="335" count="0" type="stmt"/>
            <line num="339" count="0" type="stmt"/>
            <line num="343" count="0" type="stmt"/>
            <line falsecount="0" truecount="0" num="343" type="cond"/>
            <line num="344" count="0" type="stmt"/>
            <line num="347" count="0" type="stmt"/>
            <line complexity="1" visibility="protected" signature="exportDone(JComponent,Transferable,int) : void" num="353" count="0" type="method"/>
            <line num="357" count="0" type="stmt"/>
            <line complexity="1" visibility="public" signature="canImport(JComponent,DataFlavor[]) : boolean" num="363" count="0" type="method"/>
            <line num="365" count="0" type="stmt"/>
            <line complexity="2" visibility="protected" signature="createTransferable(JComponent) : Transferable" num="372" count="0" type="method"/>
            <line num="374" count="0" type="stmt"/>
            <line num="375" count="0" type="stmt"/>
            <line num="375" count="0" type="stmt"/>
            <line falsecount="0" truecount="0" num="375" type="cond"/>
            <line num="376" count="0" type="stmt"/>
            <line num="377" count="0" type="stmt"/>
            <line num="378" count="0" type="stmt"/>
            <line num="379" count="0" type="stmt"/>
            <line num="380" count="0" type="stmt"/>
            <line num="381" count="0" type="stmt"/>
            <line num="382" count="0" type="stmt"/>
            <line num="384" count="0" type="stmt"/>
            <line complexity="2" visibility="public" signature="getSourceActions(JComponent) : int" num="390" count="0" type="method"/>
            <line num="392" count="0" type="stmt"/>
            <line falsecount="0" truecount="0" num="392" type="cond"/>
            <line complexity="1" visibility="public" signature="BuildQueueMouseAdapter(boolean)" num="403" count="0" type="method"/>
            <line num="404" count="0" type="stmt"/>
            <line complexity="13" visibility="public" signature="mousePressed(MouseEvent) : void" num="411" count="0" type="method"/>
            <line num="413" count="0" type="stmt"/>
            <line falsecount="0" truecount="0" num="413" type="cond"/>
            <line num="414" count="0" type="stmt"/>
            <line num="416" count="0" type="stmt"/>
            <line num="416" count="0" type="stmt"/>
            <line falsecount="0" truecount="0" num="416" type="cond"/>
            <line num="418" count="0" type="stmt"/>
            <line num="419" count="0" type="stmt"/>
            <line falsecount="0" truecount="0" num="420" type="cond"/>
            <line num="423" count="0" type="stmt"/>
            <line num="423" count="0" type="stmt"/>
            <line falsecount="0" truecount="0" num="423" type="cond"/>
            <line num="425" count="0" type="stmt"/>
            <line falsecount="0" truecount="0" num="425" type="cond"/>
            <line num="426" count="0" type="stmt"/>
            <line num="427" count="0" type="stmt"/>
            <line num="428" count="0" type="stmt"/>
            <line num="429" count="0" type="stmt"/>
            <line falsecount="0" truecount="0" num="429" type="cond"/>
            <line num="430" count="0" type="stmt"/>
            <line num="431" count="0" type="stmt"/>
            <line num="433" count="0" type="stmt"/>
            <line falsecount="0" truecount="0" num="433" type="cond"/>
            <line num="434" count="0" type="stmt"/>
            <line num="436" count="0" type="stmt"/>
            <line num="437" count="0" type="stmt"/>
            <line falsecount="0" truecount="0" num="437" type="cond"/>
            <line num="438" count="0" type="stmt"/>
            <line num="440" count="0" type="stmt"/>
            <line num="443" count="0" type="stmt"/>
            <line complexity="1" visibility="public" signature="DefaultBuildQueueCellRenderer()" num="455" count="0" type="method"/>
            <line complexity="6" visibility="public" signature="getListCellRendererComponent(JList&lt;? extends BuildableType&gt;,BuildableType,int,boolean,boolean) : Component" num="461" count="0" type="method"/>
            <line num="467" count="0" type="stmt"/>
            <line num="468" count="0" type="stmt"/>
            <line num="469" count="0" type="stmt"/>
            <line num="470" count="0" type="stmt"/>
            <line falsecount="0" truecount="0" num="470" type="cond"/>
            <line num="471" count="0" type="stmt"/>
            <line num="474" count="0" type="stmt"/>
            <line num="476" count="0" type="stmt"/>
            <line num="477" count="0" type="stmt"/>
            <line num="478" count="0" type="stmt"/>
            <line num="479" count="0" type="stmt"/>
            <line falsecount="0" truecount="0" num="479" type="cond"/>
            <line num="480" count="0" type="stmt"/>
            <line num="482" count="0" type="stmt"/>
            <line num="483" count="0" type="stmt"/>
            <line num="484" count="0" type="stmt"/>
            <line num="487" count="0" type="stmt"/>
            <line num="488" count="0" type="stmt"/>
            <line num="489" count="0" type="stmt"/>
            <line falsecount="0" truecount="0" num="489" type="cond"/>
            <line num="490" count="0" type="stmt"/>
            <line num="491" count="0" type="stmt"/>
            <line num="492" count="0" type="stmt"/>
            <line num="493" count="0" type="stmt"/>
            <line falsecount="0" truecount="0" num="493" type="cond"/>
            <line num="494" count="0" type="stmt"/>
            <line num="496" count="0" type="stmt"/>
            <line num="499" count="0" type="stmt"/>
            <line complexity="1" visibility="public" signature="BuildQueuePanel(FreeColClient,Colony)" num="553" count="0" type="method"/>
            <line num="554" count="0" type="stmt"/>
            <line num="558" count="0" type="stmt"/>
            <line num="559" count="0" type="stmt"/>
            <line num="561" count="0" type="stmt"/>
            <line num="563" count="0" type="stmt"/>
            <line num="564" count="0" type="stmt"/>
            <line num="565" count="0" type="stmt"/>
            <line num="568" count="0" type="stmt"/>
            <line num="569" count="0" type="stmt"/>
            <line complexity="4" visibility="public" signature="actionPerformed(ActionEvent) : void" num="570" count="0" type="method"/>
            <line num="572" count="0" type="stmt"/>
            <line num="574" count="0" type="stmt"/>
            <line num="576" count="0" type="stmt"/>
            <line falsecount="0" truecount="0" num="577" type="cond"/>
            <line falsecount="0" truecount="0" num="579" type="cond"/>
            <line num="582" count="0" type="stmt"/>
            <line falsecount="0" truecount="0" num="582" type="cond"/>
            <line num="583" count="0" type="stmt"/>
            <line num="584" count="0" type="stmt"/>
            <line num="587" count="0" type="stmt"/>
            <line num="592" count="0" type="stmt"/>
            <line num="597" count="0" type="stmt"/>
            <line num="602" count="0" type="stmt"/>
            <line num="603" count="0" type="stmt"/>
            <line num="604" count="0" type="stmt"/>
            <line num="605" count="0" type="stmt"/>
            <line num="606" count="0" type="stmt"/>
            <line num="607" count="0" type="stmt"/>
            <line num="608" count="0" type="stmt"/>
            <line num="610" count="0" type="stmt"/>
            <line num="611" count="0" type="stmt"/>
            <line num="612" count="0" type="stmt"/>
            <line num="613" count="0" type="stmt"/>
            <line num="615" count="0" type="stmt"/>
            <line num="616" count="0" type="stmt"/>
            <line num="617" count="0" type="stmt"/>
            <line num="619" count="0" type="stmt"/>
            <line num="621" count="0" type="stmt"/>
            <line num="623" count="0" type="stmt"/>
            <line num="627" count="0" type="stmt"/>
            <line num="628" count="0" type="stmt"/>
            <line num="629" count="0" type="stmt"/>
            <line num="631" count="0" type="stmt"/>
            <line num="632" count="0" type="stmt"/>
            <line num="633" count="0" type="stmt"/>
            <line num="635" count="0" type="stmt"/>
            <line complexity="1" visibility="public" signature="actionPerformed(ActionEvent) : void" num="637" count="0" type="method"/>
            <line num="639" count="0" type="stmt"/>
            <line num="641" count="0" type="stmt"/>
            <line num="642" count="0" type="stmt"/>
            <line num="644" count="0" type="stmt"/>
            <line num="648" count="0" type="stmt"/>
            <line num="650" count="0" type="stmt"/>
            <line num="651" count="0" type="stmt"/>
            <line num="652" count="0" type="stmt"/>
            <line num="654" count="0" type="stmt"/>
            <line num="655" count="0" type="stmt"/>
            <line num="656" count="0" type="stmt"/>
            <line num="658" count="0" type="stmt"/>
            <line num="660" count="0" type="stmt"/>
            <line num="661" count="0" type="stmt"/>
            <line num="662" count="0" type="stmt"/>
            <line num="663" count="0" type="stmt"/>
            <line num="665" count="0" type="stmt"/>
            <line num="667" count="0" type="stmt"/>
            <line num="668" count="0" type="stmt"/>
            <line num="670" count="0" type="stmt"/>
            <line num="672" count="0" type="stmt"/>
            <line num="673" count="0" type="stmt"/>
            <line num="675" count="0" type="stmt"/>
            <line num="676" count="0" type="stmt"/>
            <line num="679" count="0" type="stmt"/>
            <line num="680" count="0" type="stmt"/>
            <line num="681" count="0" type="stmt"/>
            <line num="682" count="0" type="stmt"/>
            <line num="683" count="0" type="stmt"/>
            <line num="684" count="0" type="stmt"/>
            <line num="685" count="0" type="stmt"/>
            <line num="686" count="0" type="stmt"/>
            <line num="687" count="0" type="stmt"/>
            <line num="688" count="0" type="stmt"/>
            <line num="689" count="0" type="stmt"/>
            <line num="690" count="0" type="stmt"/>
            <line num="692" count="0" type="stmt"/>
            <line complexity="1" visibility="public" signature="getColony() : Colony" num="701" count="0" type="method"/>
            <line num="702" count="0" type="stmt"/>
            <line complexity="4" visibility="private" signature="convertJComp(JComponent) : JList&lt;? extends BuildableType&gt;" num="713" count="0" type="method"/>
            <line num="714" count="0" type="stmt"/>
            <line falsecount="0" truecount="0" num="714" type="cond"/>
            <line falsecount="0" truecount="0" num="715" type="cond"/>
            <line falsecount="0" truecount="0" num="716" type="cond"/>
            <line complexity="1" visibility="private" signature="removeBuildable(Object) : void" num="720" count="0" type="method"/>
            <line num="721" count="0" type="stmt"/>
            <line num="723" count="0" type="stmt"/>
            <line complexity="4" visibility="private" signature="checkAbilities(BuildableType,List&lt;String&gt;) : boolean" num="726" count="0" type="method"/>
            <line num="727" count="0" type="stmt"/>
            <line num="728" count="0" type="stmt"/>
            <line num="729" count="0" type="stmt"/>
            <line num="730" count="0" type="stmt"/>
            <line num="731" count="0" type="stmt"/>
            <line num="732" count="0" type="stmt"/>
            <line falsecount="0" truecount="0" num="732" type="cond"/>
            <line num="734" count="0" type="stmt"/>
            <line num="736" count="0" type="stmt"/>
            <line falsecount="0" truecount="0" num="736" type="cond"/>
            <line num="741" count="0" type="stmt"/>
            <line complexity="18" visibility="private" signature="updateBuildingList() : void" num="753" count="0" type="method"/>
            <line num="754" count="0" type="stmt"/>
            <line num="755" count="0" type="stmt"/>
            <line num="757" count="0" type="stmt"/>
            <line num="759" count="0" type="stmt"/>
            <line num="760" count="0" type="stmt"/>
            <line num="764" count="0" type="stmt"/>
            <line num="765" count="0" type="stmt"/>
            <line num="765" count="0" type="stmt"/>
            <line falsecount="0" truecount="0" num="765" type="cond"/>
            <line num="768" count="0" type="stmt"/>
            <line falsecount="0" truecount="0" num="768" type="cond"/>
            <line num="770" count="0" type="stmt"/>
            <line num="771" count="0" type="stmt"/>
            <line num="775" count="0" type="stmt"/>
            <line num="775" count="0" type="stmt"/>
            <line falsecount="0" truecount="0" num="775" type="cond"/>
            <line num="778" count="0" type="stmt"/>
            <line num="778" count="0" type="stmt"/>
            <line falsecount="0" truecount="0" num="778" type="cond"/>
            <line num="780" count="0" type="stmt"/>
            <line num="783" count="0" type="stmt"/>
            <line falsecount="0" truecount="0" num="783" type="cond"/>
            <line num="785" count="0" type="stmt"/>
            <line num="790" count="0" type="stmt"/>
            <line falsecount="0" truecount="0" num="790" type="cond"/>
            <line num="791" count="0" type="stmt"/>
            <line num="797" count="0" type="stmt"/>
            <line num="799" count="0" type="stmt"/>
            <line num="803" count="0" type="stmt"/>
            <line num="803" count="0" type="stmt"/>
            <line falsecount="0" truecount="0" num="803" type="cond"/>
            <line num="806" count="0" type="stmt"/>
            <line num="807" count="0" type="stmt"/>
            <line num="808" count="0" type="stmt"/>
            <line falsecount="0" truecount="0" num="808" type="cond"/>
            <line num="810" count="0" type="stmt"/>
            <line num="813" count="0" type="stmt"/>
            <line falsecount="0" truecount="0" num="813" type="cond"/>
            <line num="817" count="0" type="stmt"/>
            <line falsecount="0" truecount="0" num="817" type="cond"/>
            <line num="818" count="0" type="stmt"/>
            <line complexity="11" visibility="private" signature="updateUnitList() : void" num="831" count="0" type="method"/>
            <line num="832" count="0" type="stmt"/>
            <line num="833" count="0" type="stmt"/>
            <line num="834" count="0" type="stmt"/>
            <line num="836" count="0" type="stmt"/>
            <line num="837" count="0" type="stmt"/>
            <line num="841" count="0" type="stmt"/>
            <line num="842" count="0" type="stmt"/>
            <line num="842" count="0" type="stmt"/>
            <line falsecount="0" truecount="0" num="842" type="cond"/>
            <line num="844" count="0" type="stmt"/>
            <line num="847" count="0" type="stmt"/>
            <line falsecount="0" truecount="0" num="847" type="cond"/>
            <line num="848" count="0" type="stmt"/>
            <line num="854" count="0" type="stmt"/>
            <line num="856" count="0" type="stmt"/>
            <line num="860" count="0" type="stmt"/>
            <line num="860" count="0" type="stmt"/>
            <line falsecount="0" truecount="0" num="860" type="cond"/>
            <line num="863" count="0" type="stmt"/>
            <line falsecount="0" truecount="0" num="863" type="cond"/>
            <line num="865" count="0" type="stmt"/>
            <line num="870" count="0" type="stmt"/>
            <line falsecount="0" truecount="0" num="870" type="cond"/>
            <line falsecount="0" truecount="0" num="871" type="cond"/>
            <line num="877" count="0" type="stmt"/>
            <line falsecount="0" truecount="0" num="877" type="cond"/>
            <line num="881" count="0" type="stmt"/>
            <line falsecount="0" truecount="0" num="881" type="cond"/>
            <line num="882" count="0" type="stmt"/>
            <line complexity="6" visibility="private" signature="updateAllLists() : void" num="891" count="0" type="method"/>
            <line num="892" count="0" type="stmt"/>
            <line num="895" count="0" type="stmt"/>
            <line num="896" count="0" type="stmt"/>
            <line falsecount="0" truecount="0" num="897" type="cond"/>
            <line num="898" count="0" type="stmt"/>
            <line num="899" count="0" type="stmt"/>
            <line falsecount="0" truecount="0" num="899" type="cond"/>
            <line num="900" count="0" type="stmt"/>
            <line num="902" count="0" type="stmt"/>
            <line num="908" count="0" type="stmt"/>
            <line num="909" count="0" type="stmt"/>
            <line num="912" count="0" type="stmt"/>
            <line num="914" count="0" type="stmt"/>
            <line falsecount="0" truecount="0" num="914" type="cond"/>
            <line num="916" count="0" type="stmt"/>
            <line num="918" count="0" type="stmt"/>
            <line num="921" count="0" type="stmt"/>
            <line falsecount="0" truecount="0" num="921" type="cond"/>
            <line num="922" count="0" type="stmt"/>
            <line num="923" count="0" type="stmt"/>
            <line falsecount="0" truecount="0" num="923" type="cond"/>
            <line num="924" count="0" type="stmt"/>
            <line complexity="2" visibility="private" signature="setBuyLabel(BuildableType) : void" num="928" count="0" type="method"/>
            <line num="929" count="0" type="stmt"/>
            <line falsecount="0" truecount="0" num="929" type="cond"/>
            <line complexity="4" visibility="private" signature="hasBuildingType(BuildingType) : boolean" num="944" count="0" type="method"/>
            <line num="945" count="0" type="stmt"/>
            <line num="946" count="0" type="stmt"/>
            <line falsecount="0" truecount="0" num="946" type="cond"/>
            <line num="947" count="0" type="stmt"/>
            <line num="948" count="0" type="stmt"/>
            <line falsecount="0" truecount="0" num="948" type="cond"/>
            <line num="949" count="0" type="stmt"/>
            <line num="950" count="0" type="stmt"/>
            <line falsecount="0" truecount="0" num="950" type="cond"/>
            <line num="951" count="0" type="stmt"/>
            <line num="953" count="0" type="stmt"/>
            <line complexity="3" visibility="private" signature="getBuildableTypes(JList&lt;? extends BuildableType&gt;) : List&lt;BuildableType&gt;" num="958" count="0" type="method"/>
            <line num="959" count="0" type="stmt"/>
            <line num="959" count="0" type="stmt"/>
            <line falsecount="0" truecount="0" num="959" type="cond"/>
            <line num="960" count="0" type="stmt"/>
            <line num="961" count="0" type="stmt"/>
            <line num="962" count="0" type="stmt"/>
            <line falsecount="0" truecount="0" num="962" type="cond"/>
            <line num="963" count="0" type="stmt"/>
            <line num="965" count="0" type="stmt"/>
            <line complexity="1" visibility="private" signature="getMinimumIndex(BuildableType) : int" num="968" count="0" type="method"/>
            <line num="969" count="0" type="stmt"/>
            <line complexity="1" visibility="private" signature="getMaximumIndex(BuildableType) : int" num="972" count="0" type="method"/>
            <line num="973" count="0" type="stmt"/>
            <line complexity="2" visibility="private" signature="updateDetailView() : void" num="980" count="0" type="method"/>
            <line num="981" count="0" type="stmt"/>
            <line falsecount="0" truecount="0" num="982" type="cond"/>
            <line num="985" count="0" type="stmt"/>
            <line num="986" count="0" type="stmt"/>
            <line num="987" count="0" type="stmt"/>
            <line complexity="1" visibility="private" signature="updateCompact(boolean) : void" num="990" count="0" type="method"/>
            <line num="991" count="0" type="stmt"/>
            <line complexity="1" visibility="private" signature="updateLists(boolean) : void" num="994" count="0" type="method"/>
            <line num="995" count="0" type="stmt"/>
            <line complexity="8" visibility="public" signature="actionPerformed(ActionEvent) : void" num="1003" count="0" type="method"/>
            <line num="1005" count="0" type="stmt"/>
            <line falsecount="0" truecount="0" num="1005" type="cond"/>
            <line num="1006" count="0" type="stmt"/>
            <line num="1007" count="0" type="stmt"/>
            <line num="1009" count="0" type="stmt"/>
            <line num="1010" count="0" type="stmt"/>
            <line falsecount="0" truecount="0" num="1010" type="cond"/>
            <line num="1012" count="0" type="stmt"/>
            <line num="1014" count="0" type="stmt"/>
            <line num="1015" count="0" type="stmt"/>
            <line num="1017" count="0" type="stmt"/>
            <line num="1018" count="0" type="stmt"/>
            <line num="1018" count="0" type="stmt"/>
            <line falsecount="0" truecount="0" num="1018" type="cond"/>
            <line num="1019" count="0" type="stmt"/>
            <line num="1021" count="0" type="stmt"/>
            <line num="1022" count="0" type="stmt"/>
            <line num="1023" count="0" type="stmt"/>
            <line num="1024" count="0" type="stmt"/>
            <line num="1025" count="0" type="stmt"/>
            <line num="1026" count="0" type="stmt"/>
            <line num="1027" count="0" type="stmt"/>
            <line num="1028" count="0" type="stmt"/>
            <line num="1029" count="0" type="stmt"/>
            <line num="1030" count="0" type="stmt"/>
            <line num="1033" count="0" type="stmt"/>
            <line complexity="3" visibility="public" signature="itemStateChanged(ItemEvent) : void" num="1045" count="0" type="method"/>
            <line num="1047" count="0" type="stmt"/>
            <line falsecount="0" truecount="0" num="1047" type="cond"/>
            <line num="1048" count="0" type="stmt"/>
            <line num="1049" count="0" type="stmt"/>
            <line num="1050" count="0" type="stmt"/>
            <line falsecount="0" truecount="0" num="1050" type="cond"/>
            <line num="1051" count="0" type="stmt"/>
            <line num="1052" count="0" type="stmt"/>
         </file>
      </package>
      <package name="net.sf.freecol.server.ai">
         <metrics coveredelements="222" complexity="203" loc="1570" methods="56" classes="1" statements="578" coveredconditionals="37" coveredmethods="22" elements="872" ncloc="966" files="1" conditionals="238" coveredstatements="163"/>
         <file path="/Users/adam/Documents/freecol/src/net/sf/freecol/server/ai/AIColony.java" name="AIColony.java">
            <metrics coveredelements="222" coveredconditionals="37" complexity="203" loc="1570" coveredmethods="22" methods="56" elements="872" classes="1" ncloc="966" statements="578" conditionals="238" coveredstatements="163"/>
            <class name="AIColony">
               <metrics coveredelements="222" coveredconditionals="37" complexity="203" coveredmethods="22" methods="56" elements="872" statements="578" conditionals="238" coveredstatements="163"/>
            </class>
            <line complexity="1" visibility="public" signature="AIColony(AIMain,String)" num="131" count="505" type="method"/>
            <line num="132" count="505" type="stmt"/>
            <line num="134" count="505" type="stmt"/>
            <line num="135" count="505" type="stmt"/>
            <line complexity="1" visibility="public" signature="AIColony(AIMain,Colony)" num="144" count="505" type="method"/>
            <line num="145" count="505" type="stmt"/>
            <line num="147" count="505" type="stmt"/>
            <line num="148" count="505" type="stmt"/>
            <line num="150" count="505" type="stmt"/>
            <line complexity="1" visibility="public" signature="AIColony(AIMain,FreeColXMLReader)" num="162" count="0" type="method"/>
            <line num="164" count="0" type="stmt"/>
            <line num="166" count="0" type="stmt"/>
            <line complexity="2" visibility="private" signature="baseInitialize() : void" num="173" count="505" type="method"/>
            <line num="174" count="505" type="stmt"/>
            <line num="174" count="0" type="stmt"/>
            <line falsecount="505" truecount="0" num="174" type="cond"/>
            <line num="175" count="505" type="stmt"/>
            <line num="176" count="505" type="stmt"/>
            <line num="177" count="505" type="stmt"/>
            <line num="178" count="505" type="stmt"/>
            <line complexity="1" visibility="public" signature="setInitialized() : void" num="184" count="505" type="method"/>
            <line num="185" count="505" type="stmt"/>
            <line complexity="1" visibility="public" signature="getColony() : Colony" num="193" count="736" type="method"/>
            <line num="194" count="736" type="stmt"/>
            <line complexity="1" visibility="protected" signature="getAIUnit(Unit) : AIUnit" num="197" count="392" type="method"/>
            <line num="198" count="392" type="stmt"/>
            <line complexity="1" visibility="protected" signature="getAIOwner() : AIPlayer" num="201" count="189" type="method"/>
            <line num="202" count="189" type="stmt"/>
            <line complexity="1" visibility="public" signature="isBadlyDefended() : boolean" num="210" count="0" type="method"/>
            <line num="211" count="0" type="stmt"/>
            <line complexity="1" visibility="public" signature="update(LogBuilder) : void" num="223" count="0" type="method"/>
            <line num="224" count="0" type="stmt"/>
            <line num="225" count="0" type="stmt"/>
            <line num="226" count="0" type="stmt"/>
            <line num="227" count="0" type="stmt"/>
            <line num="228" count="0" type="stmt"/>
            <line complexity="30" visibility="public" signature="rearrangeColony(LogBuilder) : Set&lt;AIUnit&gt;" num="239" count="77" type="method"/>
            <line num="240" count="77" type="stmt"/>
            <line num="241" count="77" type="stmt"/>
            <line num="244" count="77" type="stmt"/>
            <line falsecount="77" truecount="0" num="244" type="cond"/>
            <line num="245" count="0" type="stmt"/>
            <line num="245" count="0" type="stmt"/>
            <line falsecount="0" truecount="0" num="245" type="cond"/>
            <line num="249" count="77" type="stmt"/>
            <line num="250" count="77" type="stmt"/>
            <line falsecount="77" truecount="0" num="250" type="cond"/>
            <line num="251" count="0" type="stmt"/>
            <line falsecount="0" truecount="0" num="251" type="cond"/>
            <line num="254" count="0" type="stmt"/>
            <line num="258" count="0" type="stmt"/>
            <line num="262" count="77" type="stmt"/>
            <line num="263" count="77" type="stmt"/>
            <line num="264" count="77" type="stmt"/>
            <line num="265" count="77" type="stmt"/>
            <line num="269" count="77" type="stmt"/>
            <line num="276" count="77" type="stmt"/>
            <line num="277" count="77" type="stmt"/>
            <line num="278" count="77" type="stmt"/>
            <line num="280" count="0" type="stmt"/>
            <line num="281" count="0" type="stmt"/>
            <line num="281" count="0" type="stmt"/>
            <line falsecount="0" truecount="0" num="281" type="cond"/>
            <line num="285" count="77" type="stmt"/>
            <line num="285" count="21" type="stmt"/>
            <line falsecount="56" truecount="21" num="285" type="cond"/>
            <line num="286" count="77" type="stmt"/>
            <line num="294" count="77" type="stmt"/>
            <line num="295" count="77" type="stmt"/>
            <line num="296" count="77" type="stmt"/>
            <line falsecount="42" truecount="35" num="296" type="cond"/>
            <line num="297" count="35" type="stmt"/>
            <line num="298" count="35" type="stmt"/>
            <line num="298" count="35" type="stmt"/>
            <line falsecount="0" truecount="35" num="298" type="cond"/>
            <line num="299" count="35" type="stmt"/>
            <line num="300" count="35" type="stmt"/>
            <line num="302" count="77" type="stmt"/>
            <line num="309" count="77" type="stmt"/>
            <line num="310" count="77" type="stmt"/>
            <line num="312" count="77" type="stmt"/>
            <line num="313" count="0" type="stmt"/>
            <line num="314" count="0" type="stmt"/>
            <line num="318" count="77" type="stmt"/>
            <line num="319" count="0" type="stmt"/>
            <line num="320" count="0" type="stmt"/>
            <line num="325" count="77" type="stmt"/>
            <line num="326" count="77" type="stmt"/>
            <line num="327" count="77" type="stmt"/>
            <line num="328" count="77" type="stmt"/>
            <line num="330" count="77" type="stmt"/>
            <line falsecount="77" truecount="0" num="330" type="cond"/>
            <line num="331" count="0" type="stmt"/>
            <line num="332" count="0" type="stmt"/>
            <line num="333" count="0" type="stmt"/>
            <line num="335" count="77" type="stmt"/>
            <line num="338" count="77" type="stmt"/>
            <line num="341" count="77" type="stmt"/>
            <line falsecount="77" truecount="0" num="341" type="cond"/>
            <line num="342" count="0" type="stmt"/>
            <line num="343" count="0" type="stmt"/>
            <line num="344" count="0" type="stmt"/>
            <line num="346" count="0" type="stmt"/>
            <line num="346" count="0" type="stmt"/>
            <line num="347" count="0" type="stmt"/>
            <line num="348" count="0" type="stmt"/>
            <line num="348" count="0" type="stmt"/>
            <line falsecount="0" truecount="0" num="348" type="cond"/>
            <line num="357" count="77" type="stmt"/>
            <line falsecount="77" truecount="0" num="357" type="cond"/>
            <line num="358" count="0" type="stmt"/>
            <line num="359" count="0" type="stmt"/>
            <line num="361" count="0" type="stmt"/>
            <line num="362" count="0" type="stmt"/>
            <line num="362" count="0" type="stmt"/>
            <line falsecount="0" truecount="0" num="362" type="cond"/>
            <line num="363" count="0" type="stmt"/>
            <line num="364" count="0" type="stmt"/>
            <line num="369" count="77" type="stmt"/>
            <line falsecount="77" truecount="0" num="369" type="cond"/>
            <line num="370" count="0" type="stmt"/>
            <line num="371" count="0" type="stmt"/>
            <line num="372" count="0" type="stmt"/>
            <line num="373" count="0" type="stmt"/>
            <line num="375" count="77" type="stmt"/>
            <line num="376" count="77" type="stmt"/>
            <line num="378" count="1155" type="stmt"/>
            <line num="379" count="1155" type="stmt"/>
            <line num="380" count="1155" type="stmt"/>
            <line num="380" count="14" type="stmt"/>
            <line falsecount="1141" truecount="14" num="380" type="cond"/>
            <line num="381" count="1141" type="stmt"/>
            <line falsecount="1120" truecount="21" num="381" type="cond"/>
            <line falsecount="952" truecount="168" num="382" type="cond"/>
            <line num="384" count="1141" type="stmt"/>
            <line num="388" count="77" type="stmt"/>
            <line num="389" count="392" type="stmt"/>
            <line num="390" count="392" type="stmt"/>
            <line num="390" count="0" type="stmt"/>
            <line falsecount="392" truecount="0" num="390" type="cond"/>
            <line num="394" count="77" type="stmt"/>
            <line num="395" count="77" type="stmt"/>
            <line falsecount="77" truecount="0" num="395" type="cond"/>
            <line num="396" count="0" type="stmt"/>
            <line num="399" count="0" type="stmt"/>
            <line num="400" count="0" type="stmt"/>
            <line num="401" count="0" type="stmt"/>
            <line falsecount="0" truecount="0" num="401" type="cond"/>
            <line num="402" count="0" type="stmt"/>
            <line num="402" count="0" type="stmt"/>
            <line falsecount="0" truecount="0" num="402" type="cond"/>
            <line num="407" count="77" type="stmt"/>
            <line num="408" count="0" type="stmt"/>
            <line num="409" count="0" type="stmt"/>
            <line num="409" count="0" type="stmt"/>
            <line falsecount="0" truecount="0" num="409" type="cond"/>
            <line num="413" count="77" type="stmt"/>
            <line num="414" count="77" type="stmt"/>
            <line falsecount="0" truecount="77" num="414" type="cond"/>
            <line falsecount="0" truecount="0" num="415" type="cond"/>
            <line num="418" count="77" type="stmt"/>
            <line num="420" count="77" type="stmt"/>
            <line num="421" count="77" type="stmt"/>
            <line num="422" count="77" type="stmt"/>
            <line num="422" count="392" type="stmt"/>
            <line num="425" count="77" type="stmt"/>
            <line num="427" count="77" type="stmt"/>
            <line complexity="9" visibility="private" signature="resetExports() : void" num="437" count="0" type="method"/>
            <line num="438" count="0" type="stmt"/>
            <line num="439" count="0" type="stmt"/>
            <line num="441" count="0" type="stmt"/>
            <line num="442" count="0" type="stmt"/>
            <line num="448" count="0" type="stmt"/>
            <line num="449" count="0" type="stmt"/>
            <line falsecount="0" truecount="0" num="449" type="cond"/>
            <line num="453" count="0" type="stmt"/>
            <line falsecount="0" truecount="0" num="453" type="cond"/>
            <line num="454" count="0" type="stmt"/>
            <line num="456" count="0" type="stmt"/>
            <line num="463" count="0" type="stmt"/>
            <line num="464" count="0" type="stmt"/>
            <line num="468" count="0" type="stmt"/>
            <line num="469" count="0" type="stmt"/>
            <line num="472" count="0" type="stmt"/>
            <line falsecount="0" truecount="0" num="472" type="cond"/>
            <line num="474" count="0" type="stmt"/>
            <line num="475" count="0" type="stmt"/>
            <line num="478" count="0" type="stmt"/>
            <line num="479" count="0" type="stmt"/>
            <line num="480" count="0" type="stmt"/>
            <line falsecount="0" truecount="0" num="480" type="cond"/>
            <line num="481" count="0" type="stmt"/>
            <line num="482" count="0" type="stmt"/>
            <line num="483" count="0" type="stmt"/>
            <line falsecount="0" truecount="0" num="483" type="cond"/>
            <line num="484" count="0" type="stmt"/>
            <line num="485" count="0" type="stmt"/>
            <line num="487" count="0" type="stmt"/>
            <line complexity="5" visibility="private" signature="exploreLCRs() : void" num="497" count="77" type="method"/>
            <line num="498" count="77" type="stmt"/>
            <line num="499" count="77" type="stmt"/>
            <line num="502" count="77" type="stmt"/>
            <line num="505" count="77" type="stmt"/>
            <line num="507" count="0" type="stmt"/>
            <line num="508" count="0" type="stmt"/>
            <line num="509" count="0" type="stmt"/>
            <line num="509" count="0" type="stmt"/>
            <line falsecount="0" truecount="0" num="509" type="cond"/>
            <line num="510" count="0" type="stmt"/>
            <line num="511" count="0" type="stmt"/>
            <line num="511" count="0" type="stmt"/>
            <line falsecount="0" truecount="0" num="511" type="cond"/>
            <line num="512" count="0" type="stmt"/>
            <line falsecount="0" truecount="0" num="512" type="cond"/>
            <line num="514" count="0" type="stmt"/>
            <line num="515" count="0" type="stmt"/>
            <line complexity="13" visibility="private" signature="stealTiles(LogBuilder) : void" num="529" count="77" type="method"/>
            <line num="530" count="77" type="stmt"/>
            <line num="531" count="77" type="stmt"/>
            <line num="532" count="77" type="stmt"/>
            <line num="533" count="77" type="stmt"/>
            <line num="536" count="77" type="stmt"/>
            <line num="536" count="77" type="stmt"/>
            <line falsecount="0" truecount="77" num="536" type="cond"/>
            <line num="539" count="0" type="stmt"/>
            <line num="545" count="0" type="stmt"/>
            <line num="546" count="0" type="stmt"/>
            <line num="547" count="0" type="stmt"/>
            <line num="548" count="0" type="stmt"/>
            <line num="549" count="0" type="stmt"/>
            <line num="550" count="0" type="stmt"/>
            <line falsecount="0" truecount="0" num="550" type="cond"/>
            <line num="552" count="0" type="stmt"/>
            <line num="553" count="0" type="stmt"/>
            <line falsecount="0" truecount="0" num="553" type="cond"/>
            <line num="554" count="0" type="stmt"/>
            <line falsecount="0" truecount="0" num="554" type="cond"/>
            <line num="556" count="0" type="stmt"/>
            <line num="563" count="0" type="stmt"/>
            <line num="567" count="0" type="stmt"/>
            <line falsecount="0" truecount="0" num="567" type="cond"/>
            <line num="568" count="0" type="stmt"/>
            <line num="569" count="0" type="stmt"/>
            <line num="573" count="0" type="stmt"/>
            <line falsecount="0" truecount="0" num="573" type="cond"/>
            <line num="574" count="0" type="stmt"/>
            <line num="575" count="0" type="stmt"/>
            <line falsecount="0" truecount="0" num="575" type="cond"/>
            <line num="577" count="0" type="stmt"/>
            <line complexity="4" visibility="private" signature="avertAutoDestruction() : boolean" num="593" count="0" type="method"/>
            <line num="594" count="0" type="stmt"/>
            <line num="595" count="0" type="stmt"/>
            <line num="597" count="0" type="stmt"/>
            <line num="597" count="0" type="stmt"/>
            <line num="598" count="0" type="stmt"/>
            <line num="600" count="0" type="stmt"/>
            <line num="602" count="0" type="stmt"/>
            <line num="604" count="0" type="stmt"/>
            <line num="605" count="0" type="stmt"/>
            <line falsecount="0" truecount="0" num="605" type="cond"/>
            <line num="608" count="0" type="stmt"/>
            <line num="609" count="0" type="stmt"/>
            <line num="610" count="0" type="stmt"/>
            <line num="615" count="0" type="stmt"/>
            <line num="616" count="0" type="stmt"/>
            <line complexity="2" visibility="public" signature="stopUsing(WorkLocation) : void" num="627" count="0" type="method"/>
            <line num="628" count="0" type="stmt"/>
            <line num="629" count="0" type="stmt"/>
            <line num="631" count="0" type="stmt"/>
            <line num="631" count="0" type="stmt"/>
            <line falsecount="0" truecount="0" num="631" type="cond"/>
            <line num="632" count="0" type="stmt"/>
            <line complexity="1" visibility="public" signature="getExportGoods() : List&lt;AIGoods&gt;" num="640" count="35" type="method"/>
            <line num="641" count="35" type="stmt"/>
            <line num="643" count="35" type="stmt"/>
            <line complexity="1" visibility="private" signature="clearExportGoods() : void" num="650" count="0" type="method"/>
            <line num="651" count="0" type="stmt"/>
            <line num="652" count="0" type="stmt"/>
            <line complexity="1" visibility="private" signature="addExportGoods(AIGoods) : void" num="661" count="0" type="method"/>
            <line num="662" count="0" type="stmt"/>
            <line num="663" count="0" type="stmt"/>
            <line complexity="1" visibility="private" signature="setExportGoods(List&lt;AIGoods&gt;) : void" num="672" count="0" type="method"/>
            <line num="673" count="0" type="stmt"/>
            <line num="674" count="0" type="stmt"/>
            <line num="675" count="0" type="stmt"/>
            <line num="677" count="0" type="stmt"/>
            <line complexity="2" visibility="private" signature="sortExportGoods() : void" num="683" count="0" type="method"/>
            <line num="684" count="0" type="stmt"/>
            <line num="684" count="0" type="stmt"/>
            <line falsecount="0" truecount="0" num="684" type="cond"/>
            <line num="685" count="0" type="stmt"/>
            <line num="686" count="0" type="stmt"/>
            <line complexity="2" visibility="public" signature="removeExportGoods(AIGoods) : void" num="700" count="0" type="method"/>
            <line num="701" count="0" type="stmt"/>
            <line num="702" count="0" type="stmt"/>
            <line falsecount="0" truecount="0" num="702" type="cond"/>
            <line complexity="2" visibility="private" signature="dropExportGoods(AIGoods) : void" num="711" count="0" type="method"/>
            <line num="712" count="0" type="stmt"/>
            <line num="713" count="0" type="stmt"/>
            <line falsecount="0" truecount="0" num="713" type="cond"/>
            <line num="714" count="0" type="stmt"/>
            <line num="715" count="0" type="stmt"/>
            <line num="716" count="0" type="stmt"/>
            <line complexity="6" visibility="private" signature="goodsLog(AIGoods,String,LogBuilder) : void" num="726" count="0" type="method"/>
            <line num="727" count="0" type="stmt"/>
            <line falsecount="0" truecount="0" num="727" type="cond"/>
            <line num="728" count="0" type="stmt"/>
            <line falsecount="0" truecount="0" num="728" type="cond"/>
            <line num="729" count="0" type="stmt"/>
            <line falsecount="0" truecount="0" num="729" type="cond"/>
            <line num="731" count="0" type="stmt"/>
            <line falsecount="0" truecount="0" num="731" type="cond"/>
            <line falsecount="0" truecount="0" num="732" type="cond"/>
            <line complexity="17" visibility="private" signature="updateExportGoods(LogBuilder) : void" num="741" count="0" type="method"/>
            <line num="742" count="0" type="stmt"/>
            <line falsecount="0" truecount="0" num="742" type="cond"/>
            <line num="743" count="0" type="stmt"/>
            <line num="744" count="0" type="stmt"/>
            <line num="745" count="0" type="stmt"/>
            <line num="749" count="0" type="stmt"/>
            <line num="750" count="0" type="stmt"/>
            <line falsecount="0" truecount="0" num="750" type="cond"/>
            <line num="751" count="0" type="stmt"/>
            <line num="752" count="0" type="stmt"/>
            <line falsecount="0" truecount="0" num="752" type="cond"/>
            <line num="753" count="0" type="stmt"/>
            <line num="754" count="0" type="stmt"/>
            <line num="755" count="0" type="stmt"/>
            <line falsecount="0" truecount="0" num="755" type="cond"/>
            <line num="758" count="0" type="stmt"/>
            <line num="759" count="0" type="stmt"/>
            <line num="760" count="0" type="stmt"/>
            <line falsecount="0" truecount="0" num="760" type="cond"/>
            <line num="762" count="0" type="stmt"/>
            <line num="763" count="0" type="stmt"/>
            <line num="768" count="0" type="stmt"/>
            <line num="769" count="0" type="stmt"/>
            <line num="770" count="0" type="stmt"/>
            <line num="771" count="0" type="stmt"/>
            <line num="772" count="0" type="stmt"/>
            <line num="772" count="0" type="stmt"/>
            <line falsecount="0" truecount="0" num="772" type="cond"/>
            <line num="773" count="0" type="stmt"/>
            <line num="774" count="0" type="stmt"/>
            <line falsecount="0" truecount="0" num="774" type="cond"/>
            <line falsecount="0" truecount="0" num="776" type="cond"/>
            <line num="779" count="0" type="stmt"/>
            <line num="779" count="0" type="stmt"/>
            <line falsecount="0" truecount="0" num="779" type="cond"/>
            <line num="780" count="0" type="stmt"/>
            <line falsecount="0" truecount="0" num="780" type="cond"/>
            <line falsecount="0" truecount="0" num="782" type="cond"/>
            <line num="792" count="0" type="stmt"/>
            <line num="793" count="0" type="stmt"/>
            <line num="794" count="0" type="stmt"/>
            <line falsecount="0" truecount="0" num="794" type="cond"/>
            <line num="795" count="0" type="stmt"/>
            <line num="796" count="0" type="stmt"/>
            <line falsecount="0" truecount="0" num="796" type="cond"/>
            <line num="797" count="0" type="stmt"/>
            <line num="798" count="0" type="stmt"/>
            <line num="799" count="0" type="stmt"/>
            <line num="801" count="0" type="stmt"/>
            <line falsecount="0" truecount="0" num="801" type="cond"/>
            <line num="802" count="0" type="stmt"/>
            <line num="803" count="0" type="stmt"/>
            <line num="804" count="0" type="stmt"/>
            <line num="806" count="0" type="stmt"/>
            <line num="807" count="0" type="stmt"/>
            <line num="810" count="0" type="stmt"/>
            <line num="814" count="0" type="stmt"/>
            <line falsecount="0" truecount="0" num="814" type="cond"/>
            <line num="816" count="0" type="stmt"/>
            <line falsecount="0" truecount="0" num="816" type="cond"/>
            <line num="817" count="0" type="stmt"/>
            <line num="819" count="0" type="stmt"/>
            <line num="820" count="0" type="stmt"/>
            <line num="821" count="0" type="stmt"/>
            <line num="824" count="0" type="stmt"/>
            <line complexity="1" visibility="private" signature="clearWishes() : void" num="832" count="21" type="method"/>
            <line num="833" count="21" type="stmt"/>
            <line complexity="1" visibility="public" signature="addWish(Wish) : void" num="841" count="0" type="method"/>
            <line num="842" count="0" type="stmt"/>
            <line complexity="2" visibility="public" signature="completeWish(Wish,String,LogBuilder) : boolean" num="853" count="0" type="method"/>
            <line num="854" count="0" type="stmt"/>
            <line falsecount="0" truecount="0" num="854" type="cond"/>
            <line num="855" count="0" type="stmt"/>
            <line num="856" count="0" type="stmt"/>
            <line num="858" count="0" type="stmt"/>
            <line num="859" count="0" type="stmt"/>
            <line num="860" count="0" type="stmt"/>
            <line num="861" count="0" type="stmt"/>
            <line num="862" count="0" type="stmt"/>
            <line complexity="1" visibility="public" signature="completeWish(Goods,LogBuilder) : boolean" num="872" count="0" type="method"/>
            <line num="873" count="0" type="stmt"/>
            <line num="874" count="0" type="stmt"/>
            <line num="875" count="0" type="stmt"/>
            <line num="877" count="0" type="stmt"/>
            <line complexity="1" visibility="public" signature="completeWish(Unit,LogBuilder) : boolean" num="887" count="0" type="method"/>
            <line num="888" count="0" type="stmt"/>
            <line num="889" count="0" type="stmt"/>
            <line num="890" count="0" type="stmt"/>
            <line num="892" count="0" type="stmt"/>
            <line complexity="4" visibility="public" signature="completeWish(TransportableAIObject,LogBuilder) : boolean" num="902" count="0" type="method"/>
            <line num="903" count="0" type="stmt"/>
            <line falsecount="0" truecount="0" num="903" type="cond"/>
            <line num="904" count="0" type="stmt"/>
            <line num="905" count="0" type="stmt"/>
            <line falsecount="0" truecount="0" num="905" type="cond"/>
            <line num="906" count="0" type="stmt"/>
            <line num="907" count="0" type="stmt"/>
            <line falsecount="0" truecount="0" num="907" type="cond"/>
            <line num="908" count="0" type="stmt"/>
            <line num="909" count="0" type="stmt"/>
            <line num="910" count="0" type="stmt"/>
            <line num="911" count="0" type="stmt"/>
            <line num="914" count="0" type="stmt"/>
            <line complexity="1" visibility="public" signature="getWishes() : List&lt;Wish&gt;" num="922" count="14" type="method"/>
            <line num="923" count="14" type="stmt"/>
            <line complexity="1" visibility="public" signature="getGoodsWishes() : List&lt;GoodsWish&gt;" num="931" count="0" type="method"/>
            <line num="932" count="0" type="stmt"/>
            <line complexity="1" visibility="public" signature="getWorkerWishes() : List&lt;WorkerWish&gt;" num="941" count="0" type="method"/>
            <line num="942" count="0" type="stmt"/>
            <line complexity="2" visibility="private" signature="requireGoodsWish(GoodsType,int,int,LogBuilder) : void" num="957" count="0" type="method"/>
            <line num="959" count="0" type="stmt"/>
            <line num="961" count="0" type="stmt"/>
            <line falsecount="0" truecount="0" num="961" type="cond"/>
            <line num="962" count="0" type="stmt"/>
            <line num="963" count="0" type="stmt"/>
            <line num="965" count="0" type="stmt"/>
            <line num="966" count="0" type="stmt"/>
            <line num="967" count="0" type="stmt"/>
            <line complexity="2" visibility="private" signature="requireWorkerWish(UnitType,boolean,int,LogBuilder) : void" num="981" count="0" type="method"/>
            <line num="983" count="0" type="stmt"/>
            <line num="985" count="0" type="stmt"/>
            <line falsecount="0" truecount="0" num="985" type="cond"/>
            <line num="986" count="0" type="stmt"/>
            <line num="987" count="0" type="stmt"/>
            <line num="989" count="0" type="stmt"/>
            <line num="990" count="0" type="stmt"/>
            <line num="991" count="0" type="stmt"/>
            <line complexity="1" visibility="private" signature="updateWishes(LogBuilder) : void" num="1000" count="0" type="method"/>
            <line num="1001" count="0" type="stmt"/>
            <line num="1002" count="0" type="stmt"/>
            <line num="1003" count="0" type="stmt"/>
            <line complexity="11" visibility="private" signature="updateWorkerWishes(LogBuilder) : void" num="1011" count="0" type="method"/>
            <line num="1012" count="0" type="stmt"/>
            <line num="1013" count="0" type="stmt"/>
            <line num="1014" count="0" type="stmt"/>
            <line num="1015" count="0" type="stmt"/>
            <line num="1016" count="0" type="stmt"/>
            <line num="1017" count="0" type="stmt"/>
            <line num="1021" count="0" type="stmt"/>
            <line num="1023" count="0" type="stmt"/>
            <line num="1038" count="0" type="stmt"/>
            <line num="1039" count="0" type="stmt"/>
            <line num="1040" count="0" type="stmt"/>
            <line num="1041" count="0" type="stmt"/>
            <line falsecount="0" truecount="0" num="1041" type="cond"/>
            <line num="1044" count="0" type="stmt"/>
            <line falsecount="0" truecount="0" num="1044" type="cond"/>
            <line num="1045" count="0" type="stmt"/>
            <line num="1048" count="0" type="stmt"/>
[...]
            <line complexity="1" visibility="public" signature="testGetDefaultDisplay0() : void" num="99" testsuccess="true" count="1" testduration="0.002" type="method"/>
            <line num="100" count="1" type="stmt"/>
            <line num="101" count="1" type="stmt"/>
            <line num="103" count="1" type="stmt"/>
            <line num="104" count="1" type="stmt"/>
            <line num="105" count="1" type="stmt"/>
            <line num="108" count="1" type="stmt"/>
            <line complexity="1" visibility="public" signature="testGetDefaultDisplay1() : void" num="111" testsuccess="true" count="1" testduration="0.002" type="method"/>
            <line num="112" count="1" type="stmt"/>
            <line num="113" count="1" type="stmt"/>
            <line num="115" count="1" type="stmt"/>
            <line num="116" count="1" type="stmt"/>
            <line num="117" count="1" type="stmt"/>
            <line num="120" count="1" type="stmt"/>
            <line complexity="1" visibility="public" signature="testGetDefaultDisplay2() : void" num="123" testsuccess="true" count="1" testduration="0.002" type="method"/>
            <line num="124" count="1" type="stmt"/>
            <line num="125" count="1" type="stmt"/>
            <line num="127" count="1" type="stmt"/>
            <line num="128" count="1" type="stmt"/>
            <line num="129" count="1" type="stmt"/>
            <line num="132" count="1" type="stmt"/>
            <line complexity="1" visibility="public" signature="testGetDefaultDisplay3() : void" num="135" testsuccess="true" count="1" testduration="0.002" type="method"/>
            <line num="136" count="1" type="stmt"/>
            <line num="137" count="1" type="stmt"/>
            <line num="139" count="1" type="stmt"/>
            <line num="140" count="1" type="stmt"/>
            <line num="141" count="1" type="stmt"/>
            <line num="144" count="1" type="stmt"/>
         </file>
         <file path="/Users/adam/Documents/freecol/test/src/net/sf/freecol/common/model/MonarchTest.java" name="MonarchTest.java">
            <metrics coveredelements="63" coveredconditionals="2" complexity="10" loc="131" coveredmethods="4" methods="4" elements="64" classes="1" ncloc="84" statements="58" conditionals="2" coveredstatements="57"/>
            <class name="MonarchTest">
               <metrics coveredelements="63" complexity="10" methods="4" testruns="13" statements="58" coveredconditionals="2" coveredmethods="4" elements="64" testfailures="0" testduration="0.084" conditionals="2" coveredstatements="57" testpasses="13"/>
            </class>
            <line complexity="6" visibility="public" signature="testSerialize() : void" num="39" testsuccess="true" count="1" testduration="0.001" type="method"/>
            <line num="40" count="1" type="stmt"/>
            <line num="41" count="1" type="stmt"/>
            <line num="43" count="1" type="stmt"/>
            <line num="43" count="1" type="stmt"/>
            <line num="44" count="1" type="stmt"/>
            <line num="45" count="1" type="stmt"/>
            <line num="47" count="0" type="stmt"/>
            <line complexity="1" visibility="public" signature="testTaxActionChoices() : void" num="51" testsuccess="true" count="1" testduration="0.013" type="method"/>
            <line num="52" count="1" type="stmt"/>
            <line num="53" count="1" type="stmt"/>
            <line num="55" count="1" type="stmt"/>
            <line num="56" count="1" type="stmt"/>
            <line num="59" count="1" type="stmt"/>
            <line num="61" count="1" type="stmt"/>
            <line num="63" count="1" type="stmt"/>
            <line num="64" count="1" type="stmt"/>
            <line num="65" count="1" type="stmt"/>
            <line num="66" count="1" type="stmt"/>
            <line num="67" count="1" type="stmt"/>
            <line num="68" count="1" type="stmt"/>
            <line num="69" count="1" type="stmt"/>
            <line num="70" count="1" type="stmt"/>
            <line num="72" count="1" type="stmt"/>
            <line num="73" count="1" type="stmt"/>
            <line num="74" count="1" type="stmt"/>
            <line num="75" count="1" type="stmt"/>
            <line num="76" count="1" type="stmt"/>
            <line num="77" count="1" type="stmt"/>
            <line num="78" count="1" type="stmt"/>
            <line num="80" count="1" type="stmt"/>
            <line num="81" count="1" type="stmt"/>
            <line num="82" count="1" type="stmt"/>
            <line num="83" count="1" type="stmt"/>
            <line num="84" count="1" type="stmt"/>
            <line num="85" count="1" type="stmt"/>
            <line num="88" count="1" type="stmt"/>
            <line num="89" count="1" type="stmt"/>
            <line num="90" count="1" type="stmt"/>
            <line num="91" count="1" type="stmt"/>
            <line num="92" count="1" type="stmt"/>
            <line num="98" count="1" type="stmt"/>
            <line num="99" count="1" type="stmt"/>
            <line num="100" count="1" type="stmt"/>
            <line num="101" count="1" type="stmt"/>
            <line num="102" count="1" type="stmt"/>
            <line num="103" count="1" type="stmt"/>
            <line num="105" count="1" type="stmt"/>
            <line num="106" count="1" type="stmt"/>
            <line num="107" count="1" type="stmt"/>
            <line complexity="1" visibility="public" signature="testContextIndependentActionValidations() : void" num="111" testsuccess="true" count="1" testduration="0.005" type="method"/>
            <line num="112" count="1" type="stmt"/>
            <line num="113" count="1" type="stmt"/>
            <line num="115" count="1" type="stmt"/>
            <line num="117" count="1" type="stmt"/>
            <line num="118" count="1" type="stmt"/>
            <line num="119" count="1" type="stmt"/>
            <line complexity="2" visibility="private" signature="choicesContain(List&lt;RandomChoice&lt;MonarchAction&gt;&gt;,MonarchAction) : boolean" num="122" count="14" type="method"/>
            <line num="123" count="14" type="stmt"/>
            <line num="124" count="52" type="stmt"/>
            <line falsecount="42" truecount="10" num="124" type="cond"/>
            <line num="125" count="10" type="stmt"/>
            <line num="128" count="4" type="stmt"/>
         </file>
         <file path="/Users/adam/Documents/freecol/test/src/net/sf/freecol/common/model/ModifierTest.java" name="ModifierTest.java">
            <metrics coveredelements="220" coveredconditionals="0" complexity="12" loc="387" coveredmethods="12" methods="12" elements="220" classes="1" ncloc="290" statements="208" conditionals="0" coveredstatements="208"/>
            <class name="ModifierTest">
               <metrics coveredelements="220" complexity="12" methods="12" testruns="60" statements="208" coveredconditionals="0" coveredmethods="12" elements="220" testfailures="0" testduration="0.02500000000000001" conditionals="0" coveredstatements="208" testpasses="60"/>
            </class>
            <line complexity="1" visibility="public" signature="testAdditiveModifier() : void" num="41" testsuccess="true" count="1" testduration="0.0" type="method"/>
            <line num="42" count="1" type="stmt"/>
            <line num="44" count="1" type="stmt"/>
            <line num="46" count="1" type="stmt"/>
            <line complexity="1" visibility="public" signature="testMultiplicativeModifier() : void" num="49" testsuccess="true" count="1" testduration="0.0" type="method"/>
            <line num="50" count="1" type="stmt"/>
            <line num="52" count="1" type="stmt"/>
            <line num="54" count="1" type="stmt"/>
            <line num="55" count="1" type="stmt"/>
            <line complexity="1" visibility="public" signature="testPercentageModifier() : void" num="58" testsuccess="true" count="1" testduration="0.0" type="method"/>
            <line num="59" count="1" type="stmt"/>
            <line num="61" count="1" type="stmt"/>
            <line num="63" count="1" type="stmt"/>
            <line num="64" count="1" type="stmt"/>
            <line complexity="1" visibility="public" signature="testCombineAdditiveModifiers() : void" num="67" testsuccess="true" count="1" testduration="0.0" type="method"/>
            <line num="68" count="1" type="stmt"/>
            <line num="70" count="1" type="stmt"/>
            <line num="72" count="1" type="stmt"/>
            <line num="73" count="1" type="stmt"/>
            <line num="74" count="1" type="stmt"/>
            <line num="75" count="1" type="stmt"/>
            <line complexity="1" visibility="public" signature="testCombineMultiplicativeModifiers() : void" num="79" testsuccess="true" count="1" testduration="0.0" type="method"/>
            <line num="80" count="1" type="stmt"/>
            <line num="82" count="1" type="stmt"/>
            <line num="84" count="1" type="stmt"/>
            <line num="85" count="1" type="stmt"/>
            <line num="86" count="1" type="stmt"/>
            <line num="87" count="1" type="stmt"/>
            <line complexity="1" visibility="public" signature="testCombinePercentageModifiers() : void" num="91" testsuccess="true" count="1" testduration="0.0" type="method"/>
            <line num="92" count="1" type="stmt"/>
            <line num="94" count="1" type="stmt"/>
            <line num="96" count="1" type="stmt"/>
            <line num="97" count="1" type="stmt"/>
            <line num="98" count="1" type="stmt"/>
            <line num="99" count="1" type="stmt"/>
            <line complexity="1" visibility="public" signature="testCombinedModifier() : void" num="103" testsuccess="true" count="1" testduration="0.0" type="method"/>
            <line num="104" count="1" type="stmt"/>
            <line num="106" count="1" type="stmt"/>
            <line num="108" count="1" type="stmt"/>
            <line num="111" count="1" type="stmt"/>
            <line num="112" count="1" type="stmt"/>
            <line num="113" count="1" type="stmt"/>
            <line num="114" count="1" type="stmt"/>
            <line num="117" count="1" type="stmt"/>
            <line num="118" count="1" type="stmt"/>
            <line num="121" count="1" type="stmt"/>
            <line num="122" count="1" type="stmt"/>
            <line complexity="1" visibility="public" signature="testScope() : void" num="126" testsuccess="true" count="1" testduration="0.001" type="method"/>
            <line num="127" count="1" type="stmt"/>
            <line num="129" count="1" type="stmt"/>
            <line num="131" count="1" type="stmt"/>
            <line num="134" count="1" type="stmt"/>
            <line num="135" count="1" type="stmt"/>
            <line num="136" count="1" type="stmt"/>
            <line num="137" count="1" type="stmt"/>
            <line num="140" count="1" type="stmt"/>
            <line num="141" count="1" type="stmt"/>
            <line num="143" count="1" type="stmt"/>
            <line num="144" count="1" type="stmt"/>
            <line num="145" count="1" type="stmt"/>
            <line num="147" count="1" type="stmt"/>
            <line num="148" count="1" type="stmt"/>
            <line num="149" count="1" type="stmt"/>
            <line num="151" count="1" type="stmt"/>
            <line num="152" count="1" type="stmt"/>
            <line num="153" count="1" type="stmt"/>
            <line num="154" count="1" type="stmt"/>
            <line num="155" count="1" type="stmt"/>
            <line num="157" count="1" type="stmt"/>
            <line num="159" count="1" type="stmt"/>
            <line num="160" count="1" type="stmt"/>
            <line num="163" count="1" type="stmt"/>
            <line num="164" count="1" type="stmt"/>
            <line num="165" count="1" type="stmt"/>
            <line num="168" count="1" type="stmt"/>
            <line num="169" count="1" type="stmt"/>
            <line num="170" count="1" type="stmt"/>
            <line num="171" count="1" type="stmt"/>
            <line num="172" count="1" type="stmt"/>
            <line num="173" count="1" type="stmt"/>
            <line num="175" count="1" type="stmt"/>
            <line num="176" count="1" type="stmt"/>
            <line num="177" count="1" type="stmt"/>
            <line num="180" count="1" type="stmt"/>
            <line num="181" count="1" type="stmt"/>
            <line num="182" count="1" type="stmt"/>
            <line complexity="1" visibility="public" signature="testTimeLimits() : void" num="186" testsuccess="true" count="1" testduration="0.0" type="method"/>
            <line num="187" count="1" type="stmt"/>
            <line num="189" count="1" type="stmt"/>
            <line num="192" count="1" type="stmt"/>
            <line num="193" count="1" type="stmt"/>
            <line num="194" count="1" type="stmt"/>
            <line num="195" count="1" type="stmt"/>
            <line num="197" count="1" type="stmt"/>
            <line num="198" count="1" type="stmt"/>
            <line num="200" count="1" type="stmt"/>
            <line num="201" count="1" type="stmt"/>
            <line num="202" count="1" type="stmt"/>
            <line num="203" count="1" type="stmt"/>
            <line num="205" count="1" type="stmt"/>
            <line num="206" count="1" type="stmt"/>
            <line num="207" count="1" type="stmt"/>
            <line num="208" count="1" type="stmt"/>
            <line num="210" count="1" type="stmt"/>
            <line num="211" count="1" type="stmt"/>
            <line num="212" count="1" type="stmt"/>
            <line num="213" count="1" type="stmt"/>
            <line num="214" count="1" type="stmt"/>
            <line num="215" count="1" type="stmt"/>
            <line num="216" count="1" type="stmt"/>
            <line num="217" count="1" type="stmt"/>
            <line num="218" count="1" type="stmt"/>
            <line complexity="1" visibility="public" signature="testIncrements() : void" num="221" testsuccess="true" count="1" testduration="0.0" type="method"/>
            <line num="222" count="1" type="stmt"/>
            <line num="224" count="1" type="stmt"/>
            <line num="227" count="1" type="stmt"/>
            <line num="229" count="1" type="stmt"/>
            <line num="230" count="1" type="stmt"/>
            <line num="231" count="1" type="stmt"/>
            <line num="233" count="1" type="stmt"/>
            <line num="234" count="1" type="stmt"/>
            <line num="235" count="1" type="stmt"/>
            <line num="236" count="1" type="stmt"/>
            <line num="239" count="1" type="stmt"/>
            <line num="240" count="1" type="stmt"/>
            <line num="243" count="1" type="stmt"/>
            <line num="244" count="1" type="stmt"/>
            <line num="246" count="1" type="stmt"/>
            <line num="247" count="1" type="stmt"/>
            <line num="249" count="1" type="stmt"/>
            <line num="250" count="1" type="stmt"/>
            <line num="253" count="1" type="stmt"/>
            <line num="254" count="1" type="stmt"/>
            <line complexity="1" visibility="public" signature="testHashEquals() : void" num="258" testsuccess="true" count="1" testduration="0.003" type="method"/>
            <line num="259" count="1" type="stmt"/>
            <line num="260" count="1" type="stmt"/>
            <line num="261" count="1" type="stmt"/>
            <line num="263" count="1" type="stmt"/>
            <line num="264" count="1" type="stmt"/>
            <line num="265" count="1" type="stmt"/>
            <line num="267" count="1" type="stmt"/>
            <line num="268" count="1" type="stmt"/>
            <line num="269" count="1" type="stmt"/>
            <line num="270" count="1" type="stmt"/>
            <line num="272" count="1" type="stmt"/>
            <line num="273" count="1" type="stmt"/>
            <line num="274" count="1" type="stmt"/>
            <line num="275" count="1" type="stmt"/>
            <line num="276" count="1" type="stmt"/>
            <line num="277" count="1" type="stmt"/>
            <line num="280" count="1" type="stmt"/>
            <line num="281" count="1" type="stmt"/>
            <line num="282" count="1" type="stmt"/>
            <line num="285" count="1" type="stmt"/>
            <line num="287" count="1" type="stmt"/>
            <line num="288" count="1" type="stmt"/>
            <line num="289" count="1" type="stmt"/>
            <line num="290" count="1" type="stmt"/>
            <line num="293" count="1" type="stmt"/>
            <line num="294" count="1" type="stmt"/>
            <line num="297" count="1" type="stmt"/>
            <line num="298" count="1" type="stmt"/>
            <line num="301" count="1" type="stmt"/>
            <line num="302" count="1" type="stmt"/>
            <line num="303" count="1" type="stmt"/>
            <line num="306" count="1" type="stmt"/>
            <line num="307" count="1" type="stmt"/>
            <line num="308" count="1" type="stmt"/>
            <line num="309" count="1" type="stmt"/>
            <line num="312" count="1" type="stmt"/>
            <line num="314" count="1" type="stmt"/>
            <line num="316" count="1" type="stmt"/>
            <line num="318" count="1" type="stmt"/>
            <line num="321" count="1" type="stmt"/>
            <line num="322" count="1" type="stmt"/>
            <line num="323" count="1" type="stmt"/>
            <line num="324" count="1" type="stmt"/>
            <line num="325" count="1" type="stmt"/>
            <line num="326" count="1" type="stmt"/>
            <line num="328" count="1" type="stmt"/>
            <line num="329" count="1" type="stmt"/>
            <line num="330" count="1" type="stmt"/>
            <line num="331" count="1" type="stmt"/>
            <line num="332" count="1" type="stmt"/>
            <line num="333" count="1" type="stmt"/>
            <line num="334" count="1" type="stmt"/>
            <line num="335" count="1" type="stmt"/>
            <line num="336" count="1" type="stmt"/>
            <line num="338" count="1" type="stmt"/>
            <line num="339" count="1" type="stmt"/>
            <line num="341" count="1" type="stmt"/>
            <line num="342" count="1" type="stmt"/>
            <line num="343" count="1" type="stmt"/>
            <line num="344" count="1" type="stmt"/>
            <line num="345" count="1" type="stmt"/>
            <line num="346" count="1" type="stmt"/>
            <line num="348" count="1" type="stmt"/>
            <line num="349" count="1" type="stmt"/>
            <line num="350" count="1" type="stmt"/>
            <line num="351" count="1" type="stmt"/>
            <line num="352" count="1" type="stmt"/>
            <line num="353" count="1" type="stmt"/>
            <line num="354" count="1" type="stmt"/>
            <line num="356" count="1" type="stmt"/>
            <line num="358" count="1" type="stmt"/>
            <line num="359" count="1" type="stmt"/>
            <line num="360" count="1" type="stmt"/>
            <line num="361" count="1" type="stmt"/>
            <line num="362" count="1" type="stmt"/>
            <line num="363" count="1" type="stmt"/>
            <line complexity="1" visibility="public" signature="testModifierUnknown() : void" num="370" testsuccess="true" count="1" testduration="0.001" type="method"/>
            <line num="371" count="1" type="stmt"/>
            <line num="373" count="1" type="stmt"/>
            <line num="375" count="1" type="stmt"/>
            <line num="378" count="1" type="stmt"/>
            <line num="379" count="1" type="stmt"/>
            <line num="380" count="1" type="stmt"/>
            <line num="381" count="1" type="stmt"/>
            <line num="383" count="1" type="stmt"/>
            <line num="384" count="1" type="stmt"/>
         </file>
      </package>
   </testproject>
</coverage>